2022-03-22 00:38:38,057 [Worker-4: Loading available Gradle versions] INFO  o.e.b.c.i.u.g.PublishedGradleVersions - Gradle version information cache is up-to-date. Trying to read.
2022-03-22 01:08:23,305 [main] INFO  org.eclipse.jetty.server.Server - jetty-10.0.6; built: 2021-06-29T15:28:56.259Z; git: 37e7731b4b142a882d73974ff3bec78d621bd674; jvm 16.0.2+7-67
2022-03-22 01:08:23,327 [main] INFO  o.e.j.s.s.DefaultSessionIdManager - Session workerName=node0
2022-03-22 01:08:23,361 [main] INFO  o.e.j.server.handler.ContextHandler - Started o.e.j.s.ServletContextHandler@70ffa861{/wse,null,AVAILABLE}
2022-03-22 01:08:23,387 [main] INFO  o.e.jetty.server.AbstractConnector - Started ServerConnector@455a164a{HTTP/1.1, (http/1.1)}{0.0.0.0:63542}
2022-03-22 01:08:23,389 [main] INFO  org.eclipse.jetty.server.Server - Started Server@26695974{STARTING}[10.0.6,sto=0] @1826721ms
2022-03-22 01:11:10,362 [Framework stop - Equinox Container: 09259a0e-44c8-4c5d-ad7b-9d1507a1ab06] INFO  org.eclipse.jetty.server.Server - Stopped Server@26695974{STOPPING}[10.0.6,sto=0]
2022-03-22 01:11:10,366 [Framework stop - Equinox Container: 09259a0e-44c8-4c5d-ad7b-9d1507a1ab06] INFO  o.e.jetty.server.AbstractConnector - Stopped ServerConnector@455a164a{HTTP/1.1, (http/1.1)}{0.0.0.0:0}
2022-03-22 01:11:10,403 [Framework stop - Equinox Container: 09259a0e-44c8-4c5d-ad7b-9d1507a1ab06] INFO  o.e.j.server.handler.ContextHandler - Stopped o.e.j.s.ServletContextHandler@70ffa861{/wse,null,STOPPED}
2022-03-22 01:11:25,498 [Worker-3: Loading available Gradle versions] INFO  o.e.b.c.i.u.g.PublishedGradleVersions - Gradle version information cache is up-to-date. Trying to read.
2022-03-25 12:17:20,267 [Worker-5: Loading available Gradle versions] INFO  o.e.b.c.i.u.g.PublishedGradleVersions - Gradle version information cache is out-of-date. Trying to update.
2022-03-25 12:34:34,690 [Worker-4: Loading available Gradle versions] INFO  o.e.b.c.i.u.g.PublishedGradleVersions - Gradle version information cache is up-to-date. Trying to read.
2022-04-06 08:05:50,663 [Worker-0: Loading available Gradle versions] INFO  o.e.b.c.i.u.g.PublishedGradleVersions - Gradle version information cache is out-of-date. Trying to update.
2022-04-06 08:05:52,305 [Worker-0: Loading available Gradle versions] INFO  o.e.b.c.i.u.g.PublishedGradleVersions - Updating Gradle version information cache failed. Using outdated cache.
2022-04-06 09:47:45,563 [Worker-6: Loading available Gradle versions] INFO  o.e.b.c.i.u.g.PublishedGradleVersions - Gradle version information cache is out-of-date. Trying to update.
2022-04-06 09:47:45,994 [Worker-6: Loading available Gradle versions] INFO  o.e.b.c.i.u.g.PublishedGradleVersions - Updating Gradle version information cache failed. Using outdated cache.
2022-04-06 19:28:01,318 [Worker-0: Loading available Gradle versions] INFO  o.e.b.c.i.u.g.PublishedGradleVersions - Gradle version information cache is out-of-date. Trying to update.
2022-04-07 08:24:33,141 [Worker-2: Loading available Gradle versions] INFO  o.e.b.c.i.u.g.PublishedGradleVersions - Gradle version information cache is up-to-date. Trying to read.
2022-04-07 17:48:45,113 [Worker-0: Loading available Gradle versions] INFO  o.e.b.c.i.u.g.PublishedGradleVersions - Gradle version information cache is up-to-date. Trying to read.
2022-04-07 18:22:53,872 [Worker-3: Loading available Gradle versions] INFO  o.e.b.c.i.u.g.PublishedGradleVersions - Gradle version information cache is up-to-date. Trying to read.
2022-04-08 18:39:43,605 [Worker-5: Loading available Gradle versions] INFO  o.e.b.c.i.u.g.PublishedGradleVersions - Gradle version information cache is out-of-date. Trying to update.
2022-04-11 17:57:54,581 [Worker-2: Loading available Gradle versions] INFO  o.e.b.c.i.u.g.PublishedGradleVersions - Gradle version information cache is out-of-date. Trying to update.
2022-05-03 19:47:37,120 [Worker-2: Loading available Gradle versions] INFO  o.e.b.c.i.u.g.PublishedGradleVersions - Gradle version information cache is out-of-date. Trying to update.
